/zhome/4c/1/203176/BayesWithoutUnderfitting/experiments.py:140: FutureWarning: You are using `torch.load` with `weights_only=False` (the current default value), which uses the default pickle module implicitly. It is possible to construct malicious pickle data which will execute arbitrary code during unpickling (See https://github.com/pytorch/pytorch/blob/main/SECURITY.md#untrusted-models for more details). In a future release, the default value for `weights_only` will be flipped to `True`. This limits the functions that could be executed during unpickling. Arbitrary objects will no longer be allowed to be loaded via this mode unless they are explicitly allowlisted by the user via `torch.serialization.add_safe_globals`. We recommend you start setting `weights_only=True` for any use case where you don't have full control of the loaded file. Please open an issue on GitHub for any issues related to this experimental feature.
  model.load_state_dict(torch.load(MNIST_MODEL_PATH))
🔄 Precomputing GGN eigenvectors...
✅ Precomputation complete.
Time taken for precomputation: 110.97 seconds
Sample 0: Final Proj Norm = 1.2493e+03 | Final Kernel Ratio = 1.2961e-01
Sample 1: Final Proj Norm = 1.2493e+03 | Final Kernel Ratio = 1.3738e-01
Sample 2: Final Proj Norm = 1.2482e+03 | Final Kernel Ratio = 1.1470e-01
Sample 3: Final Proj Norm = 1.2481e+03 | Final Kernel Ratio = 1.3259e-01
Sample 4: Final Proj Norm = 1.2486e+03 | Final Kernel Ratio = 1.3043e-01
Calculating optimal alpha...
Trace of projection: 1.5586e+06
Optimal alpha: 0.0520
Sample 0 Difference from MAP: 5476.76904296875
Sample 1 Difference from MAP: 5477.02978515625
Sample 2 Difference from MAP: 5472.08203125
Sample 3 Difference from MAP: 5471.71044921875
Sample 4 Difference from MAP: 5474.05712890625
Accuracy (MAP Model): 0.9919
Accuracy (Bayesian Mean Model): 0.1238
NLL (Bayesian Model): 11.3032
NLL (MAP Model): 0.0266
ECE (Bayesian Model): 0.2420
ECE (MAP Model): 0.0028
