
------------------------------------------------------------
Sender: LSF System <lsfadmin@hpc.dtu.dk>
Subject: Job 25036204: <MNIST_ALPHA_10> in cluster <dcc> Exited

Job <MNIST_ALPHA_10> was submitted from host <gbarlogin1> by user <s233025> in cluster <dcc> at Thu May 22 03:38:43 2025
Job was executed on host(s) <4*n-62-12-21>, in queue <gpua100>, as user <s233025> in cluster <dcc> at Thu May 22 07:26:10 2025
</zhome/4c/1/203176> was used as the home directory.
</zhome/4c/1/203176/BayesWithoutUnderfitting> was used as the working directory.
Started at Thu May 22 07:26:10 2025
Terminated at Thu May 22 07:36:30 2025
Results reported at Thu May 22 07:36:30 2025

Your job looked like:

------------------------------------------------------------
# LSBATCH: User input
#!/bin/bash
#BSUB -J MNIST_ALPHA_10
#BSUB -q gpua100
#BSUB -W 12:00
#BSUB -n 4
#BSUB -R "span[hosts=1]"
#BSUB -R "rusage[mem=10GB]"
#BSUB -gpu "num=1:mode=exclusive_process"

#BSUB -o /zhome/4c/1/203176/BayesWithoutUnderfitting/hpc_logs/OUTPUT_FILE_MNIST_ALPHA_10.out
#BSUB -e /zhome/4c/1/203176/BayesWithoutUnderfitting/hpc_logs/OUTPUT_FILE_MNIST_ALPHA_10.err

module load python3/3.11.9

source /zhome/4c/1/203176/BayesWithoutUnderfitting/venv/bin/activate
python /zhome/4c/1/203176/BayesWithoutUnderfitting/main.py --experiment mnist > /zhome/4c/1/203176/BayesWithoutUnderfitting/hpc_logs/OUTPUT_FILE_MNIST_ALPHA_10.log 2>&1
------------------------------------------------------------

TERM_MEMLIMIT: job killed after reaching LSF memory usage limit.
Exited with exit code 137.

Resource usage summary:

    CPU time :                                   590.39 sec.
    Max Memory :                                 40960 MB
    Average Memory :                             20192.43 MB
    Total Requested Memory :                     40960.00 MB
    Delta Memory :                               0.00 MB
    Max Swap :                                   -
    Max Processes :                              4
    Max Threads :                                8
    Run time :                                   620 sec.
    Turnaround time :                            14267 sec.

The output (if any) is above this job summary.



PS:

Read file </zhome/4c/1/203176/BayesWithoutUnderfitting/hpc_logs/OUTPUT_FILE_MNIST_ALPHA_10.err> for stderr output of this job.

